<?xml version="1.0" encoding="UTF-8"?>
<testsuite xmlns:xsi="http://www.w3.org/2001/XMLSchema-instance" xsi:noNamespaceSchemaLocation="https://maven.apache.org/surefire/maven-surefire-plugin/xsd/surefire-test-report.xsd" version="3.0.2" name="com.cargopro.controller.BookingControllerTest" time="3.538" tests="1" errors="0" skipped="0" failures="0">
  <properties>
[...]
</properties>
  <testcase name="testBookingProcess_andStatusTransition" classname="com.cargopro.controller.BookingControllerTest" time="1.233">
    <system-out><![CDATA[2025-08-05T12:51:19.082+05:30  INFO 22520 --- [           main] t.c.s.AnnotationConfigContextLoaderUtils : Could not detect default configuration classes for test class [com.cargopro.controller.BookingControllerTest]: BookingControllerTest does not declare any static, non-private, non-final, nested classes annotated with @Configuration.
2025-08-05T12:51:19.134+05:30  INFO 22520 --- [           main] .b.t.c.SpringBootTestContextBootstrapper : Found @SpringBootConfiguration com.cargopro.CargoproBackendApplication for test class com.cargopro.controller.BookingControllerTest
2025-08-05T12:51:19.146+05:30  INFO 22520 --- [           main] o.s.b.d.r.RestartApplicationListener     : Restart disabled due to context in which it is running

  .   ____          _            __ _ _
 /\\ / ___'_ __ _ _(_)_ __  __ _ \ \ \ \
( ( )\___ | '_ | '_| | '_ \/ _` | \ \ \ \
 \\/  ___)| |_)| | | | | || (_| |  ) ) ) )
  '  |____| .__|_| |_|_| |_\__, | / / / /
 =========|_|==============|___/=/_/_/_/

 :: Spring Boot ::                (v3.5.4)

2025-08-05T12:51:19.208+05:30  INFO 22520 --- [           main] c.c.controller.BookingControllerTest     : Starting BookingControllerTest using Java 21.0.6 with PID 22520 (started by raman in C:\Users\raman\Desktop\Cargopro.ai\cargopro-backend)
2025-08-05T12:51:19.209+05:30  INFO 22520 --- [           main] c.c.controller.BookingControllerTest     : No active profile set, falling back to 1 default profile: "default"
2025-08-05T12:51:19.832+05:30  INFO 22520 --- [           main] .s.d.r.c.RepositoryConfigurationDelegate : Bootstrapping Spring Data JPA repositories in DEFAULT mode.
2025-08-05T12:51:19.860+05:30  INFO 22520 --- [           main] .s.d.r.c.RepositoryConfigurationDelegate : Finished Spring Data repository scanning in 26 ms. Found 2 JPA repository interfaces.
2025-08-05T12:51:20.064+05:30  INFO 22520 --- [           main] o.hibernate.jpa.internal.util.LogHelper  : HHH000204: Processing PersistenceUnitInfo [name: default]
2025-08-05T12:51:20.072+05:30  INFO 22520 --- [           main] o.h.c.internal.RegionFactoryInitiator    : HHH000026: Second-level cache disabled
2025-08-05T12:51:20.095+05:30  INFO 22520 --- [           main] o.s.o.j.p.SpringPersistenceUnitInfo      : No LoadTimeWeaver setup: ignoring JPA class transformer
2025-08-05T12:51:20.097+05:30  INFO 22520 --- [           main] com.zaxxer.hikari.HikariDataSource       : HikariPool-2 - Starting...
2025-08-05T12:51:20.238+05:30  INFO 22520 --- [           main] com.zaxxer.hikari.pool.HikariPool        : HikariPool-2 - Added connection org.postgresql.jdbc.PgConnection@59aba6f2
2025-08-05T12:51:20.238+05:30  INFO 22520 --- [           main] com.zaxxer.hikari.HikariDataSource       : HikariPool-2 - Start completed.
2025-08-05T12:51:20.258+05:30  INFO 22520 --- [           main] org.hibernate.orm.connections.pooling    : HHH10001005: Database info:
	Database JDBC URL [Connecting through datasource 'HikariDataSource (HikariPool-2)']
	Database driver: undefined/unknown
	Database version: 17.5
	Autocommit mode: undefined/unknown
	Isolation level: undefined/unknown
	Minimum pool size: undefined/unknown
	Maximum pool size: undefined/unknown
2025-08-05T12:51:20.383+05:30  INFO 22520 --- [           main] o.h.e.t.j.p.i.JtaPlatformInitiator       : HHH000489: No JTA platform available (set 'hibernate.transaction.jta.platform' to enable JTA platform integration)
2025-08-05T12:51:20.640+05:30  INFO 22520 --- [           main] j.LocalContainerEntityManagerFactoryBean : Initialized JPA EntityManagerFactory for persistence unit 'default'
2025-08-05T12:51:20.936+05:30  WARN 22520 --- [           main] JpaBaseConfiguration$JpaWebConfiguration : spring.jpa.open-in-view is enabled by default. Therefore, database queries may be performed during view rendering. Explicitly configure spring.jpa.open-in-view to disable this warning
2025-08-05T12:51:21.329+05:30  INFO 22520 --- [           main] o.s.b.t.m.w.SpringBootMockServletContext : Initializing Spring TestDispatcherServlet ''
2025-08-05T12:51:21.330+05:30  INFO 22520 --- [           main] o.s.t.web.servlet.TestDispatcherServlet  : Initializing Servlet ''
2025-08-05T12:51:21.339+05:30  INFO 22520 --- [           main] o.s.t.web.servlet.TestDispatcherServlet  : Completed initialization in 4 ms
2025-08-05T12:51:21.375+05:30  INFO 22520 --- [           main] c.c.controller.BookingControllerTest     : Started BookingControllerTest in 2.229 seconds (process running for 21.3)
Hibernate: 
    insert 
    into
        loads
        (comment, date_posted, loading_date, loading_point, unloading_date, unloading_point, no_of_trucks, product_type, shipper_id, status, truck_type, weight, id) 
    values
        (?, ?, ?, ?, ?, ?, ?, ?, ?, ?, ?, ?, ?)
Hibernate: 
    select
        l1_0.id,
        l1_0.comment,
        l1_0.date_posted,
        l1_0.loading_date,
        l1_0.loading_point,
        l1_0.unloading_date,
        l1_0.unloading_point,
        l1_0.no_of_trucks,
        l1_0.product_type,
        l1_0.shipper_id,
        l1_0.status,
        l1_0.truck_type,
        l1_0.weight 
    from
        loads l1_0 
    where
        l1_0.id=?
Hibernate: 
    insert 
    into
        bookings
        (comment, load_id, proposed_rate, requested_at, status, transporter_id, id) 
    values
        (?, ?, ?, ?, ?, ?, ?)
Hibernate: 
    update
        loads 
    set
        comment=?,
        date_posted=?,
        loading_date=?,
        loading_point=?,
        unloading_date=?,
        unloading_point=?,
        no_of_trucks=?,
        product_type=?,
        shipper_id=?,
        status=?,
        truck_type=?,
        weight=? 
    where
        id=?
Hibernate: 
    select
        l1_0.id,
        l1_0.comment,
        l1_0.date_posted,
        l1_0.loading_date,
        l1_0.loading_point,
        l1_0.unloading_date,
        l1_0.unloading_point,
        l1_0.no_of_trucks,
        l1_0.product_type,
        l1_0.shipper_id,
        l1_0.status,
        l1_0.truck_type,
        l1_0.weight 
    from
        loads l1_0 
    where
        l1_0.id=?
]]></system-out>
  </testcase>
</testsuite>